Using pre-set license
Built from '2021.1/staging' branch; Version is '2021.1.17f1 (03b40fe07a36) revision 242703'; Using compiler version '192528614'; Build Type 'Release'
OS: 'Windows 10 Home; OS build 19043.1466; Version 2009; 64bit' Language: 'ko' Physical Memory: 65442 MB
BatchMode: 1, IsHumanControllingUs: 0, StartBugReporterOnCrash: 0, Is64bit: 1, IsPro: 0

 COMMAND LINE ARGUMENTS:
C:\Program Files\Unity\Hub\Editor\2021.1.17f1\Editor\Unity.exe
-adb2
-batchMode
-noUpm
-name
AssetImportWorker0
-projectPath
C:/Git/GameJam_01/GameJam_01
-logFile
Logs/AssetImportWorker0.log
-srvPort
60931
Successfully changed project path to: C:/Git/GameJam_01/GameJam_01
C:/Git/GameJam_01/GameJam_01
Using Asset Import Pipeline V2.
Refreshing native plugins compatible for Editor in 118.39 ms, found 9 plugins.
Preloading 0 native plugins for Editor in 0.00 ms.
Initialize engine version: 2021.1.17f1 (03b40fe07a36)
[Subsystems] Discovering subsystems at path C:/Program Files/Unity/Hub/Editor/2021.1.17f1/Editor/Data/Resources/UnitySubsystems
[Subsystems] Discovering subsystems at path C:/Git/GameJam_01/GameJam_01/Assets
GfxDevice: creating device client; threaded=0; jobified=0
Direct3D:
    Version:  Direct3D 11.0 [level 11.1]
    Renderer: NVIDIA GeForce RTX 3080 (ID=0x2216)
    Vendor:   NVIDIA
    VRAM:     10078 MB
    Driver:   27.21.14.6677
Initialize mono
Mono path[0] = 'C:/Program Files/Unity/Hub/Editor/2021.1.17f1/Editor/Data/Managed'
Mono path[1] = 'C:/Program Files/Unity/Hub/Editor/2021.1.17f1/Editor/Data/MonoBleedingEdge/lib/mono/unityjit'
Mono config path = 'C:/Program Files/Unity/Hub/Editor/2021.1.17f1/Editor/Data/MonoBleedingEdge/etc'
Using monoOptions --debugger-agent=transport=dt_socket,embedding=1,server=y,suspend=n,address=127.0.0.1:56152
Begin MonoManager ReloadAssembly
Registering precompiled unity dll's ...
Register platform support module: C:/Program Files/Unity/Hub/Editor/2021.1.17f1/Editor/Data/PlaybackEngines/WindowsStandaloneSupport/UnityEditor.WindowsStandalone.Extensions.dll
Registered in 0.002588 seconds.
Native extension for WindowsStandalone target not found
Refreshing native plugins compatible for Editor in 100.55 ms, found 9 plugins.
Preloading 0 native plugins for Editor in 0.00 ms.
Mono: successfully reloaded assembly
- Completed reload, in  1.018 seconds
Domain Reload Profiling:
	ReloadAssembly (1018ms)
		BeginReloadAssembly (68ms)
			ExecutionOrderSort (0ms)
			DisableScriptedObjects (0ms)
			BackupInstance (0ms)
			ReleaseScriptingObjects (0ms)
			CreateAndSetChildDomain (1ms)
		EndReloadAssembly (347ms)
			LoadAssemblies (65ms)
			RebuildTransferFunctionScriptingTraits (0ms)
			SetupTypeCache (99ms)
			ReleaseScriptCaches (0ms)
			RebuildScriptCaches (18ms)
			SetupLoadedEditorAssemblies (192ms)
				LogAssemblyErrors (0ms)
				InitializePlatformSupportModulesInManaged (5ms)
				SetLoadedEditorAssemblies (0ms)
				RefreshPlugins (101ms)
				BeforeProcessingInitializeOnLoad (1ms)
				ProcessInitializeOnLoadAttributes (66ms)
				ProcessInitializeOnLoadMethodAttributes (19ms)
				AfterProcessingInitializeOnLoad (0ms)
				EditorAssembliesLoaded (0ms)
			ExecutionOrderSort2 (0ms)
			AwakeInstancesAfterBackupRestoration (0ms)
Platform modules already initialized, skipping
Registering precompiled user dll's ...
Registered in 0.011280 seconds.
Begin MonoManager ReloadAssembly
Symbol file LoadedFromMemory doesn't match image C:\Git\GameJam_01\GameJam_01\Library\PackageCache\com.unity.visualscripting@1.6.1\Editor\VisualScripting.Core\Dependencies\DotNetZip\Unity.VisualScripting.IonicZip.dll
Symbol file LoadedFromMemory doesn't match image C:\Git\GameJam_01\GameJam_01\Library\PackageCache\com.unity.visualscripting@1.6.1\Editor\VisualScripting.Core\Dependencies\YamlDotNet\Unity.VisualScripting.YamlDotNet.dll
Native extension for WindowsStandalone target not found
Refreshing native plugins compatible for Editor in 91.52 ms, found 9 plugins.
Preloading 0 native plugins for Editor in 0.00 ms.
Mono: successfully reloaded assembly
- Completed reload, in  1.083 seconds
Domain Reload Profiling:
	ReloadAssembly (1083ms)
		BeginReloadAssembly (122ms)
			ExecutionOrderSort (0ms)
			DisableScriptedObjects (3ms)
			BackupInstance (0ms)
			ReleaseScriptingObjects (0ms)
			CreateAndSetChildDomain (18ms)
		EndReloadAssembly (913ms)
			LoadAssemblies (100ms)
			RebuildTransferFunctionScriptingTraits (0ms)
			SetupTypeCache (249ms)
			ReleaseScriptCaches (1ms)
			RebuildScriptCaches (42ms)
			SetupLoadedEditorAssemblies (468ms)
				LogAssemblyErrors (0ms)
				InitializePlatformSupportModulesInManaged (3ms)
				SetLoadedEditorAssemblies (0ms)
				RefreshPlugins (92ms)
				BeforeProcessingInitializeOnLoad (95ms)
				ProcessInitializeOnLoadAttributes (264ms)
				ProcessInitializeOnLoadMethodAttributes (5ms)
				AfterProcessingInitializeOnLoad (10ms)
				EditorAssembliesLoaded (0ms)
			ExecutionOrderSort2 (0ms)
			AwakeInstancesAfterBackupRestoration (5ms)
Platform modules already initialized, skipping
========================================================================
Worker process is ready to serve import requests
Launched and connected shader compiler UnityShaderCompiler.exe after 0.07 seconds
Refreshing native plugins compatible for Editor in 1.43 ms, found 9 plugins.
Preloading 0 native plugins for Editor in 0.00 ms.
Unloading 5381 Unused Serialized files (Serialized files now loaded: 0)
System memory in use before: 221.9 MB.
System memory in use after: 222.1 MB.

Unloading 57 unused Assets to reduce memory usage. Loaded Objects now: 5835.
Total: 4.125500 ms (FindLiveObjects: 0.499800 ms CreateObjectMapping: 0.316300 ms MarkObjects: 3.158300 ms  DeleteObjects: 0.150400 ms)

AssetImportParameters requested are different than current active one (requested -> active):
  custom:framework-win-MediaFoundation: 216162199b28c13a410421893ffa2e32 -> 
  custom:video-decoder-ogg-theora: a1e56fd34408186e4bbccfd4996cb3dc -> 
  custom:container-muxer-webm: aa71ff27fc2769a1b78a27578f13a17b -> 
  custom:container-demuxer-webm: 4f35f7cbe854078d1ac9338744f61a02 -> 
  custom:container-demuxer-ogg: 62fdf1f143b41e24485cea50d1cbac27 -> 
  custom:video-encoder-webm-vp8: eb34c28f22e8b96e1ab97ce403110664 -> 
  custom:video-decoder-webm-vp8: 9c59270c3fd7afecdb556c50c9e8de78 -> 
  custom:audio-decoder-ogg-vorbis: bf7c407c2cedff20999df2af8eb42d56 -> 
  custom:audio-encoder-webm-vorbis: bf7c407c2cedff20999df2af8eb42d56 -> 
========================================================================
Received Import Request.
  path: Assets/Scenes/CircusTent.unity
  artifactKey: Guid(0b77e01ea59fe0e42ab8c14385085482) Importer(815301076,1909f56bfc062723c751e8b465ee728b)
Start importing Assets/Scenes/CircusTent.unity using Guid(0b77e01ea59fe0e42ab8c14385085482) Importer(815301076,1909f56bfc062723c751e8b465ee728b)  -> (artifact id: '038a934b55bc0c34bf53bdb5d548ca4b') in 0.016899 seconds 
========================================================================
Received Import Request.
  Time since last request: 17.929426 seconds.
  path: Assets/Lowpoly Wasteland Outpost/Prefabs/Buildings
  artifactKey: Guid(ec38ebc9cc5d91e47bae9b420fa69049) Importer(815301076,1909f56bfc062723c751e8b465ee728b)
Start importing Assets/Lowpoly Wasteland Outpost/Prefabs/Buildings using Guid(ec38ebc9cc5d91e47bae9b420fa69049) Importer(815301076,1909f56bfc062723c751e8b465ee728b)  -> (artifact id: '0f8b1a2e31ef581bac76a9d1ac304a9f') in 0.005838 seconds 
========================================================================
Received Import Request.
  Time since last request: 0.036146 seconds.
  path: Assets/Lowpoly Wasteland Outpost/Prefabs/Buildings/Building_1.prefab
  artifactKey: Guid(d65600120f93f344a864af88137eae27) Importer(815301076,1909f56bfc062723c751e8b465ee728b)
Start importing Assets/Lowpoly Wasteland Outpost/Prefabs/Buildings/Building_1.prefab using Guid(d65600120f93f344a864af88137eae27) Importer(815301076,1909f56bfc062723c751e8b465ee728b)  -> (artifact id: '507e33cdb06c8ecf287f171b8f33c3cb') in 0.195562 seconds 
========================================================================
Received Import Request.
  Time since last request: 0.000209 seconds.
  path: Assets/Lowpoly Wasteland Outpost/Prefabs/Buildings/Trade_shop_2.prefab
  artifactKey: Guid(fd11ae7f7ed055b4ca059803ab356c22) Importer(815301076,1909f56bfc062723c751e8b465ee728b)
Start importing Assets/Lowpoly Wasteland Outpost/Prefabs/Buildings/Trade_shop_2.prefab using Guid(fd11ae7f7ed055b4ca059803ab356c22) Importer(815301076,1909f56bfc062723c751e8b465ee728b)  -> (artifact id: '27b2991fe2adad121c711d83167139e7') in 0.029325 seconds 
========================================================================
Received Import Request.
  Time since last request: 0.000186 seconds.
  path: Assets/Lowpoly Wasteland Outpost/Prefabs/Buildings/Trade_shop_1.prefab
  artifactKey: Guid(638f5b117bd3a5f46909e08aea1d7b31) Importer(815301076,1909f56bfc062723c751e8b465ee728b)
Start importing Assets/Lowpoly Wasteland Outpost/Prefabs/Buildings/Trade_shop_1.prefab using Guid(638f5b117bd3a5f46909e08aea1d7b31) Importer(815301076,1909f56bfc062723c751e8b465ee728b)  -> (artifact id: 'e82bb3a152513b37aa29e42a8ca76f55') in 0.019756 seconds 
========================================================================
Received Import Request.
  Time since last request: 0.000170 seconds.
  path: Assets/Lowpoly Wasteland Outpost/Prefabs/Buildings/Windmill.prefab
  artifactKey: Guid(0fd362e09c8bf384f977d3858215b51c) Importer(815301076,1909f56bfc062723c751e8b465ee728b)
Start importing Assets/Lowpoly Wasteland Outpost/Prefabs/Buildings/Windmill.prefab using Guid(0fd362e09c8bf384f977d3858215b51c) Importer(815301076,1909f56bfc062723c751e8b465ee728b)  -> (artifact id: '4cc8b4bd61e169d838dfc31a4932a9df') in 0.035597 seconds 
========================================================================
Received Import Request.
  Time since last request: 0.000196 seconds.
  path: Assets/Lowpoly Wasteland Outpost/Prefabs/Buildings/Building_2.prefab
  artifactKey: Guid(31aff50a51f8e6c468322b09ed25b56c) Importer(815301076,1909f56bfc062723c751e8b465ee728b)
Start importing Assets/Lowpoly Wasteland Outpost/Prefabs/Buildings/Building_2.prefab using Guid(31aff50a51f8e6c468322b09ed25b56c) Importer(815301076,1909f56bfc062723c751e8b465ee728b)  -> (artifact id: '4ecf7caa241779ffb6df1b57b9717b19') in 0.036380 seconds 
========================================================================
Received Import Request.
  Time since last request: 0.000158 seconds.
  path: Assets/Lowpoly Wasteland Outpost/Prefabs/Buildings/Building_4_1.prefab
  artifactKey: Guid(6e67f1eb644978449b7f4a49b53f285b) Importer(815301076,1909f56bfc062723c751e8b465ee728b)
Start importing Assets/Lowpoly Wasteland Outpost/Prefabs/Buildings/Building_4_1.prefab using Guid(6e67f1eb644978449b7f4a49b53f285b) Importer(815301076,1909f56bfc062723c751e8b465ee728b)  -> (artifact id: '37c13ed3e2388bd4617a8263f1fbe082') in 0.039478 seconds 
========================================================================
Received Import Request.
  Time since last request: 0.000197 seconds.
  path: Assets/Lowpoly Wasteland Outpost/Prefabs/Buildings/Watchtower_1.prefab
  artifactKey: Guid(b15daa7e53381b04e97c1b8fc5bc7b22) Importer(815301076,1909f56bfc062723c751e8b465ee728b)
Start importing Assets/Lowpoly Wasteland Outpost/Prefabs/Buildings/Watchtower_1.prefab using Guid(b15daa7e53381b04e97c1b8fc5bc7b22) Importer(815301076,1909f56bfc062723c751e8b465ee728b)  -> (artifact id: '122f33c23020be6d62c9bb63df8d6b31') in 0.035080 seconds 
========================================================================
Received Import Request.
  Time since last request: 0.000192 seconds.
  path: Assets/Lowpoly Wasteland Outpost/Prefabs/Buildings/Market.prefab
  artifactKey: Guid(878dedf5257fc1c4c9648b2d30a913f3) Importer(815301076,1909f56bfc062723c751e8b465ee728b)
Start importing Assets/Lowpoly Wasteland Outpost/Prefabs/Buildings/Market.prefab using Guid(878dedf5257fc1c4c9648b2d30a913f3) Importer(815301076,1909f56bfc062723c751e8b465ee728b)  -> (artifact id: '03a5d68be90f63ae0190b2d518314dd4') in 0.032429 seconds 
========================================================================
Received Import Request.
  Time since last request: 592.539973 seconds.
  path: Assets/Scenes/Tent_In.unity
  artifactKey: Guid(5d42fbd8856ad45429850a20db4e1423) Importer(815301076,1909f56bfc062723c751e8b465ee728b)
Start importing Assets/Scenes/Tent_In.unity using Guid(5d42fbd8856ad45429850a20db4e1423) Importer(815301076,1909f56bfc062723c751e8b465ee728b)  -> (artifact id: 'b5d0ec46b0c291e1ad8b8498c259cff0') in 0.006821 seconds 
